Fri Sep 01 15:39:43 CST 2017  [debug] AvalonLogSystem initialized using logfile '/home/dujianjian/Workspaces/MyEclipse/fruitshop/.metadata/.plugins/com.genuitec.eclipse.templates/velocity.log'
Fri Sep 01 15:39:43 CST 2017   [info] ************************************************************** 
Fri Sep 01 15:39:43 CST 2017   [info] Starting Jakarta Velocity v1.4
Fri Sep 01 15:39:43 CST 2017   [info] RuntimeInstance initializing.
Fri Sep 01 15:39:43 CST 2017   [info] Default Properties File: org/apache/velocity/runtime/defaults/velocity.properties
Fri Sep 01 15:39:43 CST 2017   [info] Trying to use logger class org.apache.velocity.runtime.log.AvalonLogSystem
Fri Sep 01 15:39:43 CST 2017   [info] Using logger class org.apache.velocity.runtime.log.AvalonLogSystem
Fri Sep 01 15:39:43 CST 2017   [info] Default ResourceManager initializing. (class org.apache.velocity.runtime.resource.ResourceManagerImpl)
Fri Sep 01 15:39:43 CST 2017   [info] Resource Loader Instantiated: com.genuitec.eclipse.templates.internal.PluginResourceLoader
Fri Sep 01 15:39:43 CST 2017   [info] ResourceCache : initialized. (class org.apache.velocity.runtime.resource.ResourceCacheImpl)
Fri Sep 01 15:39:43 CST 2017   [info] Default ResourceManager initialization complete.
Fri Sep 01 15:39:43 CST 2017   [info] Loaded System Directive: org.apache.velocity.runtime.directive.Literal
Fri Sep 01 15:39:43 CST 2017   [info] Loaded System Directive: org.apache.velocity.runtime.directive.Macro
Fri Sep 01 15:39:43 CST 2017   [info] Loaded System Directive: org.apache.velocity.runtime.directive.Parse
Fri Sep 01 15:39:43 CST 2017   [info] Loaded System Directive: org.apache.velocity.runtime.directive.Include
Fri Sep 01 15:39:43 CST 2017   [info] Loaded System Directive: org.apache.velocity.runtime.directive.Foreach
Fri Sep 01 15:39:43 CST 2017   [info] Created: 20 parsers.
Fri Sep 01 15:39:43 CST 2017   [info] Velocimacro : initialization starting.
Fri Sep 01 15:39:43 CST 2017   [info] Velocimacro : adding VMs from VM library template : VM_global_library.vm
Fri Sep 01 15:39:43 CST 2017  [error] ResourceManager : unable to find resource 'VM_global_library.vm' in any resource loader.
Fri Sep 01 15:39:43 CST 2017   [info] Velocimacro : error using  VM library template VM_global_library.vm : org.apache.velocity.exception.ResourceNotFoundException: Unable to find resource 'VM_global_library.vm'
Fri Sep 01 15:39:43 CST 2017   [info] Velocimacro :  VM library template macro registration complete.
Fri Sep 01 15:39:43 CST 2017   [info] Velocimacro : allowInline = true : VMs can be defined inline in templates
Fri Sep 01 15:39:43 CST 2017   [info] Velocimacro : allowInlineToOverride = true : VMs defined inline may replace previous VM definitions
Fri Sep 01 15:39:43 CST 2017   [info] Velocimacro : allowInlineLocal = true : VMs defined inline will be local to their defining template only.
Fri Sep 01 15:39:43 CST 2017   [info] Velocimacro : messages on  : VM system will output logging messages
Fri Sep 01 15:39:43 CST 2017   [info] Velocimacro : autoload off  : VM system will not automatically reload global library macros
Fri Sep 01 15:39:43 CST 2017   [info] Velocimacro : initialization complete.
Fri Sep 01 15:39:43 CST 2017   [info] Velocity successfully started.
Fri Sep 01 15:39:43 CST 2017   [info] ResourceManager : found templates/xml/Xml.vtl with loader com.genuitec.eclipse.templates.internal.PluginResourceLoader
